<?xml version="1.0" encoding="UTF-8"?>
<testsuite name="PowerTest" tests="4" skipped="0" failures="0" errors="0" timestamp="2022-03-27T08:18:48" hostname="DESKTOP-KQ1AK9V" time="0.052">
  <properties/>
  <testcase name="oneRaisedToOneIsOne()" classname="PowerTest" time="0.042"/>
  <testcase name="twoRaisedToTwoIsFour()" classname="PowerTest" time="0.002"/>
  <testcase name="twoRaisedToOneIsTwo()" classname="PowerTest" time="0.002"/>
  <testcase name="threeRaisedToTwoIsNine()" classname="PowerTest" time="0.002"/>
  <system-out><![CDATA[]]></system-out>
  <system-err><![CDATA[]]></system-err>
</testsuite>
